#
# There is insufficient memory for the Java Runtime Environment to continue.
# Native memory allocation (malloc) failed to allocate 262160 bytes for Chunk::new
# Possible reasons:
#   The system is out of physical RAM or swap space
#   In 32 bit mode, the process size limit was hit
# Possible solutions:
#   Reduce memory load on the system
#   Increase physical memory or swap space
#   Check if swap backing store is full
#   Use 64 bit Java on a 64 bit OS
#   Decrease Java heap size (-Xmx/-Xms)
#   Decrease number of Java threads
#   Decrease Java thread stack sizes (-Xss)
#   Set larger code cache with -XX:ReservedCodeCacheSize=
# This output file may be truncated or incomplete.
#
#  Out of Memory Error (allocation.cpp:390), pid=2468, tid=3972
#
# JRE version: Java(TM) SE Runtime Environment (8.0_91-b15) (build 1.8.0_91-b15)
# Java VM: Java HotSpot(TM) 64-Bit Server VM (25.91-b15 mixed mode windows-amd64 compressed oops)
# Failed to write core dump. Minidumps are not enabled by default on client versions of Windows
#

---------------  T H R E A D  ---------------

Current thread (0x0000000053c1a000):  JavaThread "C2 CompilerThread1" daemon [_thread_in_native, id=3972, stack(0x0000000055810000,0x0000000055910000)]

Stack: [0x0000000055810000,0x0000000055910000]
[error occurred during error reporting (printing stack bounds), id 0xc0000005]

Native frames: (J=compiled Java code, j=interpreted, Vv=VM code, C=native code)


Current CompileTask:
C2:  23707 3918   !   4      
[error occurred during error reporting (printing current compile task), id 0xe0000001]


---------------  P R O C E S S  ---------------

Java Threads: ( => current thread )
  0x0000000056efe800 JavaThread "localhost-startStop-1" daemon [_thread_blocked, id=5424, stack(0x000000005a880000,0x000000005a980000)]
  0x00000000579ea000 JavaThread "Tomcat-startStop-1" daemon [_thread_blocked, id=5228, stack(0x0000000059370000,0x0000000059470000)]
  0x000000005596e000 JavaThread "Service Thread" daemon [_thread_blocked, id=3932, stack(0x0000000055ea0000,0x0000000055fa0000)]
  0x000000005596b000 JavaThread "C1 CompilerThread2" daemon [_thread_blocked, id=212, stack(0x0000000055d40000,0x0000000055e40000)]
=>0x0000000053c1a000 JavaThread "C2 CompilerThread1" daemon [_thread_in_native, id=3972, stack(0x0000000055810000,0x0000000055910000)]
  0x0000000053c12000 JavaThread "C2 CompilerThread0" daemon [_thread_in_native, id=2668, stack(0x0000000055610000,0x0000000055710000)]
  0x0000000053c10800 JavaThread "Attach Listener" daemon [_thread_blocked, id=920, stack(0x00000000553e0000,0x00000000554e0000)]
  0x0000000053c16800 JavaThread "Signal Dispatcher" daemon [_thread_blocked, id=1520, stack(0x00000000551f0000,0x00000000552f0000)]
  0x0000000053bf8800 JavaThread "Finalizer" daemon [_thread_blocked, id=5316, stack(0x0000000054fe0000,0x00000000550e0000)]
  0x0000000053bb1800 JavaThread "Reference Handler" daemon [_thread_blocked, id=1220, stack(0x0000000054e00000,0x0000000054f00000)]
  0x0000000001eae000 JavaThread "main" [_thread_blocked, id=4444, stack(0x00000000024c0000,0x00000000025c0000)]

Other Threads:
  0x0000000053baa000 VMThread [stack: 0x0000000054c90000,0x0000000054d90000] [id=4600]
  0x0000000055976800 WatcherThread [stack: 0x0000000056120000,0x0000000056220000] [id=2228]

VM state:at safepoint (normal execution)

VM Mutex/Monitor currently owned by a thread:  ([mutex/lock_event])
[0x0000000001eabf70] Threads_lock - owner thread: 0x0000000053baa000

Heap:
 PSYoungGen      total 85504K, used 14807K [0x00000000f5e00000, 0x00000000fd300000, 0x0000000100000000)
  eden space 69632K, 1% used [0x00000000f5e00000,0x00000000f5f50b28,0x00000000fa200000)
  from space 15872K, 84% used [0x00000000fc380000,0x00000000fd0a5288,0x00000000fd300000)
  to   space 13312K, 0% used [0x00000000fa200000,0x00000000fa200000,0x00000000faf00000)
 ParOldGen       total 39936K, used 28338K [0x00000000e1a00000, 0x00000000e4100000, 0x00000000f5e00000)
  object space 39936K, 70% used [0x00000000e1a00000,0x00000000e35aca00,0x00000000e4100000)
 Metaspace       used 22785K, capacity 23296K, committed 23424K, reserved 1069056K
  class space    used 2701K, capacity 2892K, committed 2944K, reserved 1048576K

Card table byte_map: [0x0000000002310000,0x0000000002410000] byte_map_base: 0x0000000001c03000

Marking Bits: (ParMarkBitMap*) 0x0000000065f32f70
 Begin Bits: [0x00000000122f0000, 0x0000000012a88000)
 End Bits:   [0x0000000012a88000, 0x0000000013220000)

Polling page: 0x0000000000120000

CodeCache: size=245760Kb used=12267Kb max_used=12635Kb free=233492Kb
 bounds [0x0000000002890000, 0x0000000003500000, 0x0000000011890000]
 total_blobs=3854 nmethods=3471 adapters=295
 compilation: enabled

Compilation events (10 events):
Event: 23.270 Thread 0x000000005596b000 3962       1       org.apache.catalina.deploy.SessionConfig::getCookieMaxAge (5 bytes)
Event: 23.270 Thread 0x000000005596b000 nmethod 3962 0x0000000002e12a10 code [0x0000000002e12b60, 0x0000000002e12c70]
Event: 23.270 Thread 0x000000005596b000 3963       1       org.apache.catalina.deploy.WebXml::getTaglibs (5 bytes)
Event: 23.270 Thread 0x000000005596b000 nmethod 3963 0x0000000002f19610 code [0x0000000002f19760, 0x0000000002f19870]
Event: 23.270 Thread 0x000000005596b000 3964       1       org.apache.catalina.deploy.WebXml::getPostConstructMethods (5 bytes)
Event: 23.270 Thread 0x000000005596b000 nmethod 3964 0x0000000002f192d0 code [0x0000000002f19420, 0x0000000002f19530]
Event: 23.270 Thread 0x000000005596b000 3965       1       org.apache.catalina.deploy.WebXml::getPreDestroyMethods (5 bytes)
Event: 23.270 Thread 0x000000005596b000 nmethod 3965 0x0000000002e65f10 code [0x0000000002e66060, 0x0000000002e66170]
Event: 23.592 Thread 0x000000005596b000 3967       3       org.apache.catalina.deploy.WebXml::mergeMap (162 bytes)
Event: 23.593 Thread 0x000000005596b000 nmethod 3967 0x0000000002e55750 code [0x0000000002e55a20, 0x0000000002e56f48]

GC Heap History (10 events):
Event: 21.260 GC heap after
Heap after GC invocations=19 (full 1):
 PSYoungGen      total 60928K, used 8123K [0x00000000f5e00000, 0x00000000fa600000, 0x0000000100000000)
  eden space 52736K, 0% used [0x00000000f5e00000,0x00000000f5e00000,0x00000000f9180000)
  from space 8192K, 99% used [0x00000000f9b00000,0x00000000fa2eed60,0x00000000fa300000)
  to   space 9728K, 0% used [0x00000000f9180000,0x00000000f9180000,0x00000000f9b00000)
 ParOldGen       total 24064K, used 18646K [0x00000000e1a00000, 0x00000000e3180000, 0x00000000f5e00000)
  object space 24064K, 77% used [0x00000000e1a00000,0x00000000e2c35888,0x00000000e3180000)
 Metaspace       used 22749K, capacity 23282K, committed 23344K, reserved 1069056K
  class space    used 2697K, capacity 2890K, committed 2944K, reserved 1048576K
}
Event: 21.537 GC heap before
{Heap before GC invocations=20 (full 1):
 PSYoungGen      total 60928K, used 60859K [0x00000000f5e00000, 0x00000000fa600000, 0x0000000100000000)
  eden space 52736K, 100% used [0x00000000f5e00000,0x00000000f9180000,0x00000000f9180000)
  from space 8192K, 99% used [0x00000000f9b00000,0x00000000fa2eed60,0x00000000fa300000)
  to   space 9728K, 0% used [0x00000000f9180000,0x00000000f9180000,0x00000000f9b00000)
 ParOldGen       total 24064K, used 18646K [0x00000000e1a00000, 0x00000000e3180000, 0x00000000f5e00000)
  object space 24064K, 77% used [0x00000000e1a00000,0x00000000e2c35888,0x00000000e3180000)
 Metaspace       used 22751K, capacity 23282K, committed 23344K, reserved 1069056K
  class space    used 2697K, capacity 2890K, committed 2944K, reserved 1048576K
Event: 21.552 GC heap after
Heap after GC invocations=20 (full 1):
 PSYoungGen      total 62464K, used 9717K [0x00000000f5e00000, 0x00000000fbc80000, 0x0000000100000000)
  eden space 52736K, 0% used [0x00000000f5e00000,0x00000000f5e00000,0x00000000f9180000)
  from space 9728K, 99% used [0x00000000f9180000,0x00000000f9afd588,0x00000000f9b00000)
  to   space 11776K, 0% used [0x00000000fb100000,0x00000000fb100000,0x00000000fbc80000)
 ParOldGen       total 24064K, used 20670K [0x00000000e1a00000, 0x00000000e3180000, 0x00000000f5e00000)
  object space 24064K, 85% used [0x00000000e1a00000,0x00000000e2e2fad8,0x00000000e3180000)
 Metaspace       used 22751K, capacity 23282K, committed 23344K, reserved 1069056K
  class space    used 2697K, capacity 2890K, committed 2944K, reserved 1048576K
}
Event: 21.552 GC heap before
{Heap before GC invocations=21 (full 2):
 PSYoungGen      total 62464K, used 9717K [0x00000000f5e00000, 0x00000000fbc80000, 0x0000000100000000)
  eden space 52736K, 0% used [0x00000000f5e00000,0x00000000f5e00000,0x00000000f9180000)
  from space 9728K, 99% used [0x00000000f9180000,0x00000000f9afd588,0x00000000f9b00000)
  to   space 11776K, 0% used [0x00000000fb100000,0x00000000fb100000,0x00000000fbc80000)
 ParOldGen       total 24064K, used 20670K [0x00000000e1a00000, 0x00000000e3180000, 0x00000000f5e00000)
  object space 24064K, 85% used [0x00000000e1a00000,0x00000000e2e2fad8,0x00000000e3180000)
 Metaspace       used 22751K, capacity 23282K, committed 23344K, reserved 1069056K
  class space    used 2697K, capacity 2890K, committed 2944K, reserved 1048576K
Event: 21.673 GC heap after
Heap after GC invocations=21 (full 2):
 PSYoungGen      total 62464K, used 2399K [0x00000000f5e00000, 0x00000000fbc80000, 0x0000000100000000)
  eden space 52736K, 0% used [0x00000000f5e00000,0x00000000f5e00000,0x00000000f9180000)
  from space 9728K, 24% used [0x00000000f9180000,0x00000000f93d7f00,0x00000000f9b00000)
  to   space 11776K, 0% used [0x00000000fb100000,0x00000000fb100000,0x00000000fbc80000)
 ParOldGen       total 39936K, used 23872K [0x00000000e1a00000, 0x00000000e4100000, 0x00000000f5e00000)
  object space 39936K, 59% used [0x00000000e1a00000,0x00000000e3150358,0x00000000e4100000)
 Metaspace       used 22751K, capacity 23282K, committed 23344K, reserved 1069056K
  class space    used 2697K, capacity 2890K, committed 2944K, reserved 1048576K
}
Event: 22.028 GC heap before
{Heap before GC invocations=22 (full 2):
 PSYoungGen      total 62464K, used 55135K [0x00000000f5e00000, 0x00000000fbc80000, 0x0000000100000000)
  eden space 52736K, 100% used [0x00000000f5e00000,0x00000000f9180000,0x00000000f9180000)
  from space 9728K, 24% used [0x00000000f9180000,0x00000000f93d7f00,0x00000000f9b00000)
  to   space 11776K, 0% used [0x00000000fb100000,0x00000000fb100000,0x00000000fbc80000)
 ParOldGen       total 39936K, used 23872K [0x00000000e1a00000, 0x00000000e4100000, 0x00000000f5e00000)
  object space 39936K, 59% used [0x00000000e1a00000,0x00000000e3150358,0x00000000e4100000)
 Metaspace       used 22763K, capacity 23286K, committed 23344K, reserved 1069056K
  class space    used 2698K, capacity 2890K, committed 2944K, reserved 1048576K
Event: 22.097 GC heap after
Heap after GC invocations=22 (full 2):
 PSYoungGen      total 79872K, used 10908K [0x00000000f5e00000, 0x00000000fbc00000, 0x0000000100000000)
  eden space 68608K, 0% used [0x00000000f5e00000,0x00000000f5e00000,0x00000000fa100000)
  from space 11264K, 96% used [0x00000000fb100000,0x00000000fbba7098,0x00000000fbc00000)
  to   space 13312K, 0% used [0x00000000fa200000,0x00000000fa200000,0x00000000faf00000)
 ParOldGen       total 39936K, used 24635K [0x00000000e1a00000, 0x00000000e4100000, 0x00000000f5e00000)
  object space 39936K, 61% used [0x00000000e1a00000,0x00000000e320ed38,0x00000000e4100000)
 Metaspace       used 22763K, capacity 23286K, committed 23344K, reserved 1069056K
  class space    used 2698K, capacity 2890K, committed 2944K, reserved 1048576K
}
Event: 23.100 GC heap before
{Heap before GC invocations=23 (full 2):
 PSYoungGen      total 79872K, used 79516K [0x00000000f5e00000, 0x00000000fbc00000, 0x0000000100000000)
  eden space 68608K, 100% used [0x00000000f5e00000,0x00000000fa100000,0x00000000fa100000)
  from space 11264K, 96% used [0x00000000fb100000,0x00000000fbba7098,0x00000000fbc00000)
  to   space 13312K, 0% used [0x00000000fa200000,0x00000000fa200000,0x00000000faf00000)
 ParOldGen       total 39936K, used 24635K [0x00000000e1a00000, 0x00000000e4100000, 0x00000000f5e00000)
  object space 39936K, 61% used [0x00000000e1a00000,0x00000000e320ed38,0x00000000e4100000)
 Metaspace       used 22764K, capacity 23286K, committed 23344K, reserved 1069056K
  class space    used 2698K, capacity 2890K, committed 2944K, reserved 1048576K
Event: 23.159 GC heap after
Heap after GC invocations=23 (full 2):
 PSYoungGen      total 82944K, used 13092K [0x00000000f5e00000, 0x00000000fd300000, 0x0000000100000000)
  eden space 69632K, 0% used [0x00000000f5e00000,0x00000000f5e00000,0x00000000fa200000)
  from space 13312K, 98% used [0x00000000fa200000,0x00000000faec9298,0x00000000faf00000)
  to   space 15872K, 0% used [0x00000000fc380000,0x00000000fc380000,0x00000000fd300000)
 ParOldGen       total 39936K, used 26831K [0x00000000e1a00000, 0x00000000e4100000, 0x00000000f5e00000)
  object space 39936K, 67% used [0x00000000e1a00000,0x00000000e3433e48,0x00000000e4100000)
 Metaspace       used 22764K, capacity 23286K, committed 23344K, reserved 1069056K
  class space    used 2698K, capacity 2890K, committed 2944K, reserved 1048576K
}
Event: 23.599 GC heap before
{Heap before GC invocations=24 (full 2):
 PSYoungGen      total 82944K, used 82724K [0x00000000f5e00000, 0x00000000fd300000, 0x0000000100000000)
  eden space 69632K, 100% used [0x00000000f5e00000,0x00000000fa200000,0x00000000fa200000)
  from space 13312K, 98% used [0x00000000fa200000,0x00000000faec9298,0x00000000faf00000)
  to   space 15872K, 0% used [0x00000000fc380000,0x00000000fc380000,0x00000000fd300000)
 ParOldGen       total 39936K, used 26831K [0x00000000e1a00000, 0x00000000e4100000, 0x00000000f5e00000)
  object space 39936K, 67% used [0x00000000e1a00000,0x00000000e3433e48,0x00000000e4100000)
 Metaspace       used 22785K, capacity 23296K, committed 23424K, reserved 1069056K
  class space    used 2701K, capacity 2892K, committed 2944K, reserved 1048576K

Deoptimization events (10 events):
Event: 21.055 Thread 0x0000000056efe800 Uncommon trap: reason=unstable_if action=reinterpret pc=0x00000000033ed004 method=org.apache.tomcat.util.bcel.classfile.ConstantUtf8$1.removeEldestEntry(Ljava/util/Map$Entry;)Z @ 7
Event: 21.055 Thread 0x0000000056efe800 Uncommon trap: reason=unstable_if action=reinterpret pc=0x0000000002e61e8c method=java.util.LinkedHashMap.afterNodeInsertion(Z)V @ 18
Event: 21.129 Thread 0x0000000056efe800 Uncommon trap: reason=unstable_if action=reinterpret pc=0x00000000034019b0 method=java.io.DataInputStream.readUTF(Ljava/io/DataInput;)Ljava/lang/String; @ 112
Event: 21.130 Thread 0x0000000056efe800 Uncommon trap: reason=unloaded action=reinterpret pc=0x00000000034806b0 method=org.apache.tomcat.util.bcel.classfile.Constant.readConstant(Ljava/io/DataInputStream;)Lorg/apache/tomcat/util/bcel/classfile/Constant; @ 164
Event: 21.130 Thread 0x0000000056efe800 Uncommon trap: reason=unstable_if action=reinterpret pc=0x0000000003444844 method=org.apache.tomcat.util.bcel.classfile.ConstantPool.<init>(Ljava/io/DataInputStream;)V @ 56
Event: 21.260 Thread 0x0000000053bf8800 Uncommon trap: reason=unstable_if action=reinterpret pc=0x0000000002f1716c method=java.util.WeakHashMap.eq(Ljava/lang/Object;Ljava/lang/Object;)Z @ 10
Event: 21.305 Thread 0x0000000056efe800 Uncommon trap: reason=unloaded action=reinterpret pc=0x0000000003495580 method=org.apache.tomcat.util.bcel.classfile.Attribute.readAttribute(Ljava/io/DataInputStream;Lorg/apache/tomcat/util/bcel/classfile/ConstantPool;)Lorg/apache/tomcat/util/bcel/classfil
Event: 21.365 Thread 0x0000000056efe800 Uncommon trap: reason=unstable_if action=reinterpret pc=0x0000000002e1e1c0 method=java.util.HashMap.removeNode(ILjava/lang/Object;Ljava/lang/Object;ZZ)Ljava/util/HashMap$Node; @ 71
Event: 21.366 Thread 0x0000000056efe800 Uncommon trap: reason=unstable_if action=reinterpret pc=0x0000000002e6817c method=java.util.HashMap.removeNode(ILjava/lang/Object;Ljava/lang/Object;ZZ)Ljava/util/HashMap$Node; @ 71
Event: 21.826 Thread 0x0000000056efe800 Uncommon trap: reason=unstable_if action=reinterpret pc=0x00000000034d7728 method=org.apache.catalina.startup.ContextConfig.getSCIsForClass(Ljava/lang/String;)Ljava/util/Set; @ 62

Internal exceptions (10 events):
Event: 5.503 Thread 0x0000000001eae000 Exception <a 'java/lang/NullPointerException'> (0x00000000f633f578) thrown at [C:\re\workspace\8-2-build-windows-amd64-cygwin\jdk8u91\7017\hotspot\src\share\vm\interpreter\linkResolver.cpp, line 1178]
Event: 6.512 Thread 0x0000000001eae000 Implicit null exception at 0x0000000002e2375f to 0x0000000002e239a1
Event: 9.308 Thread 0x0000000001eae000 Implicit null exception at 0x0000000002c654c5 to 0x0000000002c65691
Event: 9.308 Thread 0x0000000001eae000 Implicit null exception at 0x0000000002bc4cef to 0x0000000002bc4d55
Event: 9.326 Thread 0x0000000001eae000 Implicit null exception at 0x0000000002e2735b to 0x0000000002e27b3d
Event: 9.327 Thread 0x0000000001eae000 Implicit null exception at 0x0000000002bf98ab to 0x0000000002bf9e69
Event: 18.473 Thread 0x0000000001eae000 Exception <a 'java/io/FileNotFoundException'> (0x00000000f6d191d8) thrown at [C:\re\workspace\8-2-build-windows-amd64-cygwin\jdk8u91\7017\hotspot\src\share\vm\prims\jni.cpp, line 709]
Event: 19.936 Thread 0x0000000001eae000 Exception <a 'java/net/BindException': Address already in use: JVM_Bind> (0x00000000f64a9a78) thrown at [C:\re\workspace\8-2-build-windows-amd64-cygwin\jdk8u91\7017\hotspot\src\share\vm\prims\jni.cpp, line 735]
Event: 20.224 Thread 0x0000000056efe800 Implicit null exception at 0x0000000002ba05c6 to 0x0000000002ba08f9
Event: 20.224 Thread 0x0000000056efe800 Implicit null exception at 0x0000000002aa4686 to 0x0000000002aa49a5

Events (10 events):
Event: 23.267 Thread 0x000000005596b000 flushing nmethod 0x000000000313e550
Event: 23.267 Thread 0x000000005596b000 flushing nmethod 0x00000000031bde50
Event: 23.267 Thread 0x000000005596b000 flushing nmethod 0x00000000031c2e10
Event: 23.268 Executing VM operation: RevokeBias
Event: 23.268 Executing VM operation: RevokeBias done
Event: 23.377 loading class org/springframework/web/servlet/support/AbstractAnnotationConfigDispatcherServletInitializer
Event: 23.377 loading class org/springframework/web/servlet/support/AbstractAnnotationConfigDispatcherServletInitializer done
Event: 23.378 loading class org/springframework/web/servlet/support/AbstractDispatcherServletInitializer
Event: 23.378 loading class org/springframework/web/servlet/support/AbstractDispatcherServletInitializer done
Event: 23.598 Executing VM operation: ParallelGCFailedAllocation


Dynamic libraries:
0x000000013fd20000 - 0x000000013fd57000 	C:\Program Files\Java\jre1.8.0_91\bin\javaw.exe
0x0000000077070000 - 0x0000000077219000 	C:\Windows\SYSTEM32\ntdll.dll
0x0000000076e50000 - 0x0000000076f6f000 	C:\Windows\system32\kernel32.dll
0x000007fefcf50000 - 0x000007fefcfbc000 	C:\Windows\system32\KERNELBASE.dll
0x000007fefdaa0000 - 0x000007fefdb7b000 	C:\Windows\system32\ADVAPI32.dll
0x000007fefec80000 - 0x000007fefed1f000 	C:\Windows\system32\msvcrt.dll
0x000007fefed20000 - 0x000007fefed3f000 	C:\Windows\SYSTEM32\sechost.dll
0x000007fefd240000 - 0x000007fefd36d000 	C:\Windows\system32\RPCRT4.dll
0x0000000076f70000 - 0x000000007706a000 	C:\Windows\system32\USER32.dll
0x000007fefd370000 - 0x000007fefd3d7000 	C:\Windows\system32\GDI32.dll
0x000007fefde00000 - 0x000007fefde0e000 	C:\Windows\system32\LPK.dll
0x000007fefdb80000 - 0x000007fefdc49000 	C:\Windows\system32\USP10.dll
0x000007fefb260000 - 0x000007fefb454000 	C:\Windows\WinSxS\amd64_microsoft.windows.common-controls_6595b64144ccf1df_6.0.7601.17514_none_fa396087175ac9ac\COMCTL32.dll
0x000007fefd3e0000 - 0x000007fefd451000 	C:\Windows\system32\SHLWAPI.dll
0x000007feff0a0000 - 0x000007feff0ce000 	C:\Windows\system32\IMM32.DLL
0x000007fefdc50000 - 0x000007fefdd59000 	C:\Windows\system32\MSCTF.dll
0x0000000070780000 - 0x0000000070852000 	C:\Program Files\Java\jre1.8.0_91\bin\msvcr100.dll
0x0000000065720000 - 0x0000000065fb3000 	C:\Program Files\Java\jre1.8.0_91\bin\server\jvm.dll
0x000007fef2a80000 - 0x000007fef2a89000 	C:\Windows\system32\WSOCK32.dll
0x000007fefebb0000 - 0x000007fefebfd000 	C:\Windows\system32\WS2_32.dll
0x000007fefeba0000 - 0x000007fefeba8000 	C:\Windows\system32\NSI.dll
0x000007fefa9b0000 - 0x000007fefa9eb000 	C:\Windows\system32\WINMM.dll
0x000007fefbfa0000 - 0x000007fefbfac000 	C:\Windows\system32\VERSION.dll
0x0000000077240000 - 0x0000000077247000 	C:\Windows\system32\PSAPI.DLL
0x0000000074ad0000 - 0x0000000074adf000 	C:\Program Files\Java\jre1.8.0_91\bin\verify.dll
0x00000000716c0000 - 0x00000000716e9000 	C:\Program Files\Java\jre1.8.0_91\bin\java.dll
0x00000000716a0000 - 0x00000000716b6000 	C:\Program Files\Java\jre1.8.0_91\bin\zip.dll
0x000007fefde10000 - 0x000007fefeb98000 	C:\Windows\system32\SHELL32.dll
0x000007fefd640000 - 0x000007fefd843000 	C:\Windows\system32\ole32.dll
0x000007fefce90000 - 0x000007fefce9f000 	C:\Windows\system32\profapi.dll
0x0000000071680000 - 0x000000007169a000 	C:\Program Files\Java\jre1.8.0_91\bin\net.dll
0x000007fefc660000 - 0x000007fefc6b5000 	C:\Windows\system32\mswsock.dll
0x000007fefc650000 - 0x000007fefc657000 	C:\Windows\System32\wship6.dll
0x0000000071660000 - 0x0000000071671000 	C:\Program Files\Java\jre1.8.0_91\bin\nio.dll
0x000007fefc6c0000 - 0x000007fefc6d7000 	C:\Windows\system32\CRYPTSP.dll
0x000007fefc3c0000 - 0x000007fefc407000 	C:\Windows\system32\rsaenh.dll
0x000007fefcfe0000 - 0x000007fefcffe000 	C:\Windows\system32\USERENV.dll
0x000007fefcd20000 - 0x000007fefcd2f000 	C:\Windows\system32\CRYPTBASE.dll
0x000007fefa880000 - 0x000007fefa8a7000 	C:\Windows\system32\IPHLPAPI.DLL
0x000007fefa910000 - 0x000007fefa91b000 	C:\Windows\system32\WINNSI.DLL
0x000007fefa7a0000 - 0x000007fefa7b8000 	C:\Windows\system32\dhcpcsvc.DLL
0x000007fefa720000 - 0x000007fefa731000 	C:\Windows\system32\dhcpcsvc6.DLL
0x0000000071620000 - 0x000000007162d000 	C:\Program Files\Java\jre1.8.0_91\bin\management.dll

VM Arguments:
jvm_args: -Dmaven.home=EMBEDDED -Dclassworlds.conf=E:\java\spring\myworkspace\.metadata\.plugins\org.eclipse.m2e.launching\launches\m2conf1726843214459936768.tmp -Dmaven.multiModuleProjectDirectory=E:\java\springmvcpart7 -Dfile.encoding=Cp1252 
java_command: org.codehaus.plexus.classworlds.launcher.Launcher -B tomcat7:run
java_class_path (initial): /E:/java utilities/eclipse/plugins/org.eclipse.m2e.maven.runtime_1.6.0.20150526-2031/jars/plexus-classworlds-2.5.2.jar
Launcher Type: SUN_STANDARD

Environment Variables:
JAVA_HOME=C:\Program Files\Java\jdk1.8.0_91
CLASSPATH=E:\java utilities\Struts1_lib\struts2-core-2.2.1.jar;C:\Oracle\Middleware\wlserver_12.1\server\lib\weblogic.jar;.
PATH=C:\oraclexe\app\oracle\product\10.2.0\server\bin;C:\ProgramData\Oracle\Java\javapath;C:\Windows\system32;C:\Windows;C:\Windows\System32\Wbem;C:\Windows\System32\WindowsPowerShell\v1.0\;C:\Program Files\Java\jdk1.8.0_91\bin
USERNAME=PC
OS=Windows_NT
PROCESSOR_IDENTIFIER=Intel64 Family 6 Model 42 Stepping 7, GenuineIntel



---------------  S Y S T E M  ---------------

OS: Windows 7 , 64 bit Build 7601 (6.1.7601.18409)

CPU:total 4 (2 cores per cpu, 2 threads per core) family 6 model 42 stepping 7, cmov, cx8, fxsr, mmx, sse, sse2, sse3, ssse3, sse4.1, sse4.2, popcnt, avx, clmul, ht, tsc, tscinvbit

Memory: 4k page, physical 1985600k(130812k free), swap 7942400k(5120k free)

vm_info: Java HotSpot(TM) 64-Bit Server VM (25.91-b15) for windows-amd64 JRE (1.8.0_91-b15), built on May 20 2016 17:43:15 by "java_re" with MS VC++ 10.0 (VS2010)

time: Wed Mar 07 09:22:37 2018
elapsed time: 23 seconds (0d 0h 0m 23s)

